<?xml version="1.0" encoding="UTF-8"?>
<!-- Generated by org.testng.reporters.JUnitReportReporter -->
<testsuite hostname="inbl01lap7182" failures="0" tests="1" name="TestCases_new.TestCase_004" time="7.279" errors="0" timestamp="17 Feb 2022 05:50:35 GMT" skipped="0">
  <testcase classname="TestCases_new.TestCase_004" name="validateForm" time="7.279"/>
</testsuite> <!-- TestCases_new.TestCase_004 -->
