<?xml version="1.0" encoding="UTF-8"?>
<!-- Generated by org.testng.reporters.JUnitReportReporter -->
<testsuite hostname="inbl01lap7182" failures="0" tests="1" name="TestCases_new.TestCase_001" time="10.569" errors="0" timestamp="15 Feb 2022 03:32:42 GMT" skipped="0">
  <testcase classname="TestCases_new.TestCase_001" name="validatesearch" time="10.569"/>
</testsuite> <!-- TestCases_new.TestCase_001 -->
