<?xml version="1.0" encoding="UTF-8"?>
<!-- Generated by org.testng.reporters.JUnitReportReporter -->
<testsuite hostname="inbl01lap7182" failures="0" tests="1" name="TestCases_new.TestCase_002" time="12.047" errors="0" timestamp="14 Feb 2022 17:04:05 GMT" skipped="0">
  <testcase classname="TestCases_new.TestCase_002" name="validatesearch" time="12.047"/>
</testsuite> <!-- TestCases_new.TestCase_002 -->
