<?xml version="1.0" encoding="UTF-8"?>
<!-- Generated by org.testng.reporters.JUnitReportReporter -->
<testsuite hostname="inbl01lap7182" failures="0" tests="1" name="TestCases_new.LoginPageTest" time="0.207" errors="0" timestamp="16 Feb 2022 02:38:36 GMT" skipped="0">
  <testcase classname="TestCases_new.LoginPageTest" name="validateLogin" time="0.207"/>
</testsuite> <!-- TestCases_new.LoginPageTest -->
