<?xml version="1.0" encoding="UTF-8"?>
<!-- Generated by org.testng.reporters.JUnitReportReporter -->
<testsuite hostname="inbl01lap7182" failures="0" tests="1" name="TestCases_new.TestCase_001" time="11.233" errors="0" timestamp="14 Feb 2022 17:33:53 GMT" skipped="0">
  <testcase classname="TestCases_new.TestCase_001" name="validatesearch" time="11.233"/>
</testsuite> <!-- TestCases_new.TestCase_001 -->
