<?xml version="1.0" encoding="UTF-8"?>
<!-- Generated by org.testng.reporters.JUnitReportReporter -->
<testsuite hostname="inbl01lap7182" failures="0" tests="1" name="TestCases_new.SearchTest" time="0.004" errors="0" timestamp="13 Feb 2022 13:31:56 GMT" skipped="0">
  <testcase classname="TestCases_new.SearchTest" name="veryHeader" time="0.004"/>
</testsuite> <!-- TestCases_new.SearchTest -->
